<?xml version="1.0" encoding="UTF-8"?>
<testsuite name="dk.experis.WeaponTest" tests="1" skipped="0" failures="0" errors="0" timestamp="2023-02-16T22:11:38" hostname="DESKTOP-KAM7GHR" time="0.013">
  <properties/>
  <testcase name="weaponCreated_getWeaponDamage_shouldReturnWeaponDamage()" classname="dk.experis.WeaponTest" time="0.013"/>
  <system-out><![CDATA[]]></system-out>
  <system-err><![CDATA[]]></system-err>
</testsuite>
